<?xml version="1.0" encoding="UTF-8"?>
<!-- Generated by org.testng.reporters.JUnitReportReporter -->
<testsuite skipped="0" hostname="CDC2-D-9T78T72" name="grid.Node2" tests="1" failures="0" timestamp="08 Mar 2018 09:48:32 GMT" time="25.655" errors="0">
  <testcase name="f" time="25.655" classname="grid.Node2"/>
</testsuite> <!-- grid.Node2 -->
